<?xml version="1.0" encoding="UTF-8"?>
<!-- Generated by org.testng.reporters.JUnitReportReporter -->
<testsuite skipped="0" hostname="DELL" name="testNgTestCases.ParametersTest" tests="1" failures="0" timestamp="27 Dec 2018 13:12:10 GMT" time="0.035" errors="0">
  <testcase name="homePage" time="0.035" classname="testNgTestCases.ParametersTest"/>
</testsuite> <!-- testNgTestCases.ParametersTest -->
