<?xml version="1.0" encoding="UTF-8"?>
<!-- Generated by org.testng.reporters.JUnitReportReporter -->
<testsuite skipped="0" hostname="DELL" name="testNgTestCases.ParametersTest5" tests="7" failures="0" timestamp="27 Dec 2018 13:43:48 GMT" time="0.028" errors="0">
  <testcase name="loginPage" time="0.001" classname="testNgTestCases.ParametersTest5"/>
  <testcase name="loginPage" time="0.016" classname="testNgTestCases.ParametersTest5"/>
  <testcase name="loginPage" time="0.003" classname="testNgTestCases.ParametersTest5"/>
  <testcase name="loginPage" time="0.002" classname="testNgTestCases.ParametersTest5"/>
  <testcase name="loginPage" time="0.002" classname="testNgTestCases.ParametersTest5"/>
  <testcase name="loginPage" time="0.002" classname="testNgTestCases.ParametersTest5"/>
  <testcase name="loginPage" time="0.002" classname="testNgTestCases.ParametersTest5"/>
</testsuite> <!-- testNgTestCases.ParametersTest5 -->
