<?xml version="1.0" encoding="UTF-8"?>
<!-- Generated by org.testng.reporters.JUnitReportReporter -->
<testsuite skipped="0" hostname="DELL" name="testNgTestCases.ParametersTest1" tests="3" failures="0" timestamp="27 Dec 2018 13:15:41 GMT" time="0.029" errors="0">
  <testcase name="tearDown" time="0.010" classname="testNgTestCases.ParametersTest1"/>
  <testcase name="homePage" time="0.016" classname="testNgTestCases.ParametersTest1"/>
  <testcase name="loginPage" time="0.003" classname="testNgTestCases.ParametersTest1"/>
</testsuite> <!-- testNgTestCases.ParametersTest1 -->
