<?xml version="1.0" encoding="UTF-8"?>
<!-- Generated by org.testng.reporters.JUnitReportReporter -->
<testsuite skipped="0" hostname="DELL" name="testNgTestCases.ParametersTest3" tests="5" failures="0" timestamp="27 Dec 2018 13:27:48 GMT" time="0.016" errors="0">
  <testcase name="loginPage" time="0.016" classname="testNgTestCases.ParametersTest3"/>
  <testcase name="homePage" time="0.000" classname="testNgTestCases.ParametersTest3"/>
  <testcase name="payment" time="0.000" classname="testNgTestCases.ParametersTest3"/>
  <testcase name="addtoCart" time="0.000" classname="testNgTestCases.ParametersTest3"/>
  <testcase name="delivery" time="0.000" classname="testNgTestCases.ParametersTest3"/>
</testsuite> <!-- testNgTestCases.ParametersTest3 -->
